This file contains any messages produced by compilers while
running configure, to aid debugging if configure makes a mistake.

It was created by libbus configure 0.0.1, which was
generated by GNU Autoconf 2.67.  Invocation command line was

  $ ./configure --prefix=/home/zhangsy/usr/x86/debug/tinybus

## --------- ##
## Platform. ##
## --------- ##

hostname = JXJ-RD-Compiler-Server
uname -m = i686
uname -r = 2.6.32-5-686
uname -s = Linux
uname -v = #1 SMP Mon Feb 25 01:04:36 UTC 2013

/usr/bin/uname -p = unknown
/bin/uname -X     = unknown

/bin/arch              = unknown
/usr/bin/arch -k       = unknown
/usr/convex/getsysinfo = unknown
/usr/bin/hostinfo      = unknown
/bin/machine           = unknown
/usr/bin/oslevel       = unknown
/bin/universe          = unknown

PATH: /opt/hisi-linux-nptl/arm-hisiv100-linux/target/bin
PATH: /opt/dvr31-hisi-linux-v200/x86-arm/arm-hisiv200-linux/target/bin
PATH: /opt/dvr31-hisi-linux-nptl/arm-hisiv100-linux/target/bin
PATH: /opt/hisi-linux/x86-arm/gcc-3.4.3-uClibc-0.9.28/usr/bin
PATH: /opt/hisi-linux/x86-arm/arm-hisiv100-linux/target/bin
PATH: /usr/local/bin
PATH: /usr/bin
PATH: /bin
PATH: /usr/local/games
PATH: /usr/games


## ----------- ##
## Core tests. ##
## ----------- ##

configure:2264: checking for a BSD-compatible install
configure:2332: result: /usr/bin/install -c
configure:2343: checking whether build environment is sane
configure:2393: result: yes
configure:2534: checking for a thread-safe mkdir -p
configure:2573: result: /bin/mkdir -p
configure:2586: checking for gawk
configure:2602: found /usr/bin/gawk
configure:2613: result: gawk
configure:2624: checking whether make sets $(MAKE)
configure:2646: result: yes
configure:2770: checking for ranlib
configure:2786: found /usr/bin/ranlib
configure:2797: result: ranlib
configure:2871: checking for gcc
configure:2887: found /usr/bin/gcc
configure:2898: result: gcc
configure:3127: checking for C compiler version
configure:3136: gcc --version >&5
gcc (Debian 4.4.5-8) 4.4.5
Copyright (C) 2010 Free Software Foundation, Inc.
This is free software; see the source for copying conditions.  There is NO
warranty; not even for MERCHANTABILITY or FITNESS FOR A PARTICULAR PURPOSE.

configure:3147: $? = 0
configure:3136: gcc -v >&5
Using built-in specs.
Target: i486-linux-gnu
Configured with: ../src/configure -v --with-pkgversion='Debian 4.4.5-8' --with-bugurl=file:///usr/share/doc/gcc-4.4/README.Bugs --enable-languages=c,c++,fortran,objc,obj-c++ --prefix=/usr --program-suffix=-4.4 --enable-shared --enable-multiarch --enable-linker-build-id --with-system-zlib --libexecdir=/usr/lib --without-included-gettext --enable-threads=posix --with-gxx-include-dir=/usr/include/c++/4.4 --libdir=/usr/lib --enable-nls --enable-clocale=gnu --enable-libstdcxx-debug --enable-objc-gc --enable-targets=all --with-arch-32=i586 --with-tune=generic --enable-checking=release --build=i486-linux-gnu --host=i486-linux-gnu --target=i486-linux-gnu
Thread model: posix
gcc version 4.4.5 (Debian 4.4.5-8) 
configure:3147: $? = 0
configure:3136: gcc -V >&5
gcc: '-V' option must have argument
configure:3147: $? = 1
configure:3136: gcc -qversion >&5
gcc: unrecognized option '-qversion'
gcc: no input files
configure:3147: $? = 1
configure:3167: checking whether the C compiler works
configure:3189: gcc    conftest.c  >&5
configure:3193: $? = 0
configure:3241: result: yes
configure:3244: checking for C compiler default output file name
configure:3246: result: a.out
configure:3252: checking for suffix of executables
configure:3259: gcc -o conftest    conftest.c  >&5
configure:3263: $? = 0
configure:3285: result: 
configure:3307: checking whether we are cross compiling
configure:3315: gcc -o conftest    conftest.c  >&5
configure:3319: $? = 0
configure:3326: ./conftest
configure:3330: $? = 0
configure:3345: result: no
configure:3350: checking for suffix of object files
configure:3372: gcc -c   conftest.c >&5
configure:3376: $? = 0
configure:3397: result: o
configure:3401: checking whether we are using the GNU C compiler
configure:3420: gcc -c   conftest.c >&5
configure:3420: $? = 0
configure:3429: result: yes
configure:3438: checking whether gcc accepts -g
configure:3458: gcc -c -g  conftest.c >&5
configure:3458: $? = 0
configure:3499: result: yes
configure:3516: checking for gcc option to accept ISO C89
configure:3580: gcc  -c   conftest.c >&5
configure:3580: $? = 0
configure:3593: result: none needed
configure:3624: checking for style of include used by make
configure:3652: result: GNU
configure:3677: checking dependency style of gcc
configure:3787: result: gcc3
configure:3805: checking for pthread_create in -lpthread
configure:3830: gcc -o conftest    conftest.c -lpthread   >&5
configure:3830: $? = 0
configure:3839: result: yes
configure:3857: checking how to run the C preprocessor
configure:3888: gcc -E  conftest.c
configure:3888: $? = 0
configure:3902: gcc -E  conftest.c
conftest.c:12:28: error: ac_nonexistent.h: No such file or directory
configure:3902: $? = 1
configure: failed program was:
| /* confdefs.h */
| #define PACKAGE_NAME "libbus"
| #define PACKAGE_TARNAME "libbus"
| #define PACKAGE_VERSION "0.0.1"
| #define PACKAGE_STRING "libbus 0.0.1"
| #define PACKAGE_BUGREPORT "shiyong.zhang.cn@gmail.com"
| #define PACKAGE_URL ""
| #define PACKAGE "libbus"
| #define VERSION "0.0.1"
| #define HAVE_LIBPTHREAD 1
| /* end confdefs.h.  */
| #include <ac_nonexistent.h>
configure:3927: result: gcc -E
configure:3947: gcc -E  conftest.c
configure:3947: $? = 0
configure:3961: gcc -E  conftest.c
conftest.c:12:28: error: ac_nonexistent.h: No such file or directory
configure:3961: $? = 1
configure: failed program was:
| /* confdefs.h */
| #define PACKAGE_NAME "libbus"
| #define PACKAGE_TARNAME "libbus"
| #define PACKAGE_VERSION "0.0.1"
| #define PACKAGE_STRING "libbus 0.0.1"
| #define PACKAGE_BUGREPORT "shiyong.zhang.cn@gmail.com"
| #define PACKAGE_URL ""
| #define PACKAGE "libbus"
| #define VERSION "0.0.1"
| #define HAVE_LIBPTHREAD 1
| /* end confdefs.h.  */
| #include <ac_nonexistent.h>
configure:3990: checking for grep that handles long lines and -e
configure:4048: result: /bin/grep
configure:4053: checking for egrep
configure:4115: result: /bin/grep -E
configure:4120: checking for ANSI C header files
configure:4140: gcc -c   conftest.c >&5
configure:4140: $? = 0
configure:4213: gcc -o conftest    conftest.c -lpthread  >&5
configure:4213: $? = 0
configure:4213: ./conftest
configure:4213: $? = 0
configure:4224: result: yes
configure:4237: checking for sys/types.h
configure:4237: gcc -c   conftest.c >&5
configure:4237: $? = 0
configure:4237: result: yes
configure:4237: checking for sys/stat.h
configure:4237: gcc -c   conftest.c >&5
configure:4237: $? = 0
configure:4237: result: yes
configure:4237: checking for stdlib.h
configure:4237: gcc -c   conftest.c >&5
configure:4237: $? = 0
configure:4237: result: yes
configure:4237: checking for string.h
configure:4237: gcc -c   conftest.c >&5
configure:4237: $? = 0
configure:4237: result: yes
configure:4237: checking for memory.h
configure:4237: gcc -c   conftest.c >&5
configure:4237: $? = 0
configure:4237: result: yes
configure:4237: checking for strings.h
configure:4237: gcc -c   conftest.c >&5
configure:4237: $? = 0
configure:4237: result: yes
configure:4237: checking for inttypes.h
configure:4237: gcc -c   conftest.c >&5
configure:4237: $? = 0
configure:4237: result: yes
configure:4237: checking for stdint.h
configure:4237: gcc -c   conftest.c >&5
configure:4237: $? = 0
configure:4237: result: yes
configure:4237: checking for unistd.h
configure:4237: gcc -c   conftest.c >&5
configure:4237: $? = 0
configure:4237: result: yes
configure:4252: checking for stdint.h
configure:4252: result: yes
configure:4252: checking for stdlib.h
configure:4252: result: yes
configure:4252: checking for string.h
configure:4252: result: yes
configure:4252: checking sys/socket.h usability
configure:4252: gcc -c   conftest.c >&5
configure:4252: $? = 0
configure:4252: result: yes
configure:4252: checking sys/socket.h presence
configure:4252: gcc -E  conftest.c
configure:4252: $? = 0
configure:4252: result: yes
configure:4252: checking for sys/socket.h
configure:4252: result: yes
configure:4264: checking for inline
configure:4280: gcc -c   conftest.c >&5
configure:4280: $? = 0
configure:4288: result: inline
configure:4306: checking for size_t
configure:4306: gcc -c   conftest.c >&5
configure:4306: $? = 0
configure:4306: gcc -c   conftest.c >&5
conftest.c: In function 'main':
conftest.c:62: error: expected expression before ')' token
configure:4306: $? = 1
configure: failed program was:
| /* confdefs.h */
| #define PACKAGE_NAME "libbus"
| #define PACKAGE_TARNAME "libbus"
| #define PACKAGE_VERSION "0.0.1"
| #define PACKAGE_STRING "libbus 0.0.1"
| #define PACKAGE_BUGREPORT "shiyong.zhang.cn@gmail.com"
| #define PACKAGE_URL ""
| #define PACKAGE "libbus"
| #define VERSION "0.0.1"
| #define HAVE_LIBPTHREAD 1
| #define STDC_HEADERS 1
| #define HAVE_SYS_TYPES_H 1
| #define HAVE_SYS_STAT_H 1
| #define HAVE_STDLIB_H 1
| #define HAVE_STRING_H 1
| #define HAVE_MEMORY_H 1
| #define HAVE_STRINGS_H 1
| #define HAVE_INTTYPES_H 1
| #define HAVE_STDINT_H 1
| #define HAVE_UNISTD_H 1
| #define HAVE_STDINT_H 1
| #define HAVE_STDLIB_H 1
| #define HAVE_STRING_H 1
| #define HAVE_SYS_SOCKET_H 1
| /* end confdefs.h.  */
| #include <stdio.h>
| #ifdef HAVE_SYS_TYPES_H
| # include <sys/types.h>
| #endif
| #ifdef HAVE_SYS_STAT_H
| # include <sys/stat.h>
| #endif
| #ifdef STDC_HEADERS
| # include <stdlib.h>
| # include <stddef.h>
| #else
| # ifdef HAVE_STDLIB_H
| #  include <stdlib.h>
| # endif
| #endif
| #ifdef HAVE_STRING_H
| # if !defined STDC_HEADERS && defined HAVE_MEMORY_H
| #  include <memory.h>
| # endif
| # include <string.h>
| #endif
| #ifdef HAVE_STRINGS_H
| # include <strings.h>
| #endif
| #ifdef HAVE_INTTYPES_H
| # include <inttypes.h>
| #endif
| #ifdef HAVE_STDINT_H
| # include <stdint.h>
| #endif
| #ifdef HAVE_UNISTD_H
| # include <unistd.h>
| #endif
| int
| main ()
| {
| if (sizeof ((size_t)))
| 	    return 0;
|   ;
|   return 0;
| }
configure:4306: result: yes
configure:4317: checking for uint16_t
configure:4317: gcc -c   conftest.c >&5
configure:4317: $? = 0
configure:4317: result: yes
configure:4329: checking for uint32_t
configure:4329: gcc -c   conftest.c >&5
configure:4329: $? = 0
configure:4329: result: yes
configure:4347: checking for stdlib.h
configure:4347: result: yes
configure:4357: checking for GNU libc compatible malloc
configure:4381: gcc -o conftest    conftest.c -lpthread  >&5
configure:4381: $? = 0
configure:4381: ./conftest
configure:4381: $? = 0
configure:4391: result: yes
configure:4415: checking for memset
configure:4415: gcc -o conftest    conftest.c -lpthread  >&5
conftest.c:51: warning: conflicting types for built-in function 'memset'
configure:4415: $? = 0
configure:4415: result: yes
configure:4415: checking for socket
configure:4415: gcc -o conftest    conftest.c -lpthread  >&5
configure:4415: $? = 0
configure:4415: result: yes
configure:4546: creating ./config.status

## ---------------------- ##
## Running config.status. ##
## ---------------------- ##

This file was extended by libbus config.status 0.0.1, which was
generated by GNU Autoconf 2.67.  Invocation command line was

  CONFIG_FILES    = 
  CONFIG_HEADERS  = 
  CONFIG_LINKS    = 
  CONFIG_COMMANDS = 
  $ ./config.status 

on JXJ-RD-Compiler-Server

config.status:867: creating Makefile
config.status:867: creating src/Makefile
config.status:867: creating config.h
config.status:1047: config.h is unchanged
config.status:1095: executing depfiles commands

## ---------------- ##
## Cache variables. ##
## ---------------- ##

ac_cv_c_compiler_gnu=yes
ac_cv_c_inline=inline
ac_cv_c_uint16_t=yes
ac_cv_c_uint32_t=yes
ac_cv_env_CC_set=
ac_cv_env_CC_value=
ac_cv_env_CFLAGS_set=
ac_cv_env_CFLAGS_value=
ac_cv_env_CPPFLAGS_set=
ac_cv_env_CPPFLAGS_value=
ac_cv_env_CPP_set=
ac_cv_env_CPP_value=
ac_cv_env_LDFLAGS_set=
ac_cv_env_LDFLAGS_value=
ac_cv_env_LIBS_set=
ac_cv_env_LIBS_value=
ac_cv_env_build_alias_set=
ac_cv_env_build_alias_value=
ac_cv_env_host_alias_set=
ac_cv_env_host_alias_value=
ac_cv_env_target_alias_set=
ac_cv_env_target_alias_value=
ac_cv_func_malloc_0_nonnull=yes
ac_cv_func_memset=yes
ac_cv_func_socket=yes
ac_cv_header_inttypes_h=yes
ac_cv_header_memory_h=yes
ac_cv_header_stdc=yes
ac_cv_header_stdint_h=yes
ac_cv_header_stdlib_h=yes
ac_cv_header_string_h=yes
ac_cv_header_strings_h=yes
ac_cv_header_sys_socket_h=yes
ac_cv_header_sys_stat_h=yes
ac_cv_header_sys_types_h=yes
ac_cv_header_unistd_h=yes
ac_cv_lib_pthread_pthread_create=yes
ac_cv_objext=o
ac_cv_path_EGREP='/bin/grep -E'
ac_cv_path_GREP=/bin/grep
ac_cv_path_install='/usr/bin/install -c'
ac_cv_path_mkdir=/bin/mkdir
ac_cv_prog_AWK=gawk
ac_cv_prog_CPP='gcc -E'
ac_cv_prog_ac_ct_CC=gcc
ac_cv_prog_ac_ct_RANLIB=ranlib
ac_cv_prog_cc_c89=
ac_cv_prog_cc_g=yes
ac_cv_prog_make_make_set=yes
ac_cv_type_size_t=yes
am_cv_CC_dependencies_compiler_type=gcc3

## ----------------- ##
## Output variables. ##
## ----------------- ##

ACLOCAL='${SHELL} /home/zhangsy/developing/libbus/missing --run aclocal-1.11'
AMDEPBACKSLASH='\'
AMDEP_FALSE='#'
AMDEP_TRUE=''
AMTAR='${SHELL} /home/zhangsy/developing/libbus/missing --run tar'
AUTOCONF='${SHELL} /home/zhangsy/developing/libbus/missing --run autoconf'
AUTOHEADER='${SHELL} /home/zhangsy/developing/libbus/missing --run autoheader'
AUTOMAKE='${SHELL} /home/zhangsy/developing/libbus/missing --run automake-1.11'
AWK='gawk'
CC='gcc'
CCDEPMODE='depmode=gcc3'
CFLAGS=''
CPP='gcc -E'
CPPFLAGS=''
CYGPATH_W='echo'
DEFS='-DHAVE_CONFIG_H'
DEPDIR='.deps'
ECHO_C=''
ECHO_N='-n'
ECHO_T=''
EGREP='/bin/grep -E'
EXEEXT=''
GREP='/bin/grep'
INSTALL_DATA='${INSTALL} -m 644'
INSTALL_PROGRAM='${INSTALL}'
INSTALL_SCRIPT='${INSTALL}'
INSTALL_STRIP_PROGRAM='$(install_sh) -c -s'
LDFLAGS=''
LIBOBJS=''
LIBS='-lpthread '
LTLIBOBJS=''
MAKEINFO='${SHELL} /home/zhangsy/developing/libbus/missing --run makeinfo'
MKDIR_P='/bin/mkdir -p'
OBJEXT='o'
PACKAGE='libbus'
PACKAGE_BUGREPORT='shiyong.zhang.cn@gmail.com'
PACKAGE_NAME='libbus'
PACKAGE_STRING='libbus 0.0.1'
PACKAGE_TARNAME='libbus'
PACKAGE_URL=''
PACKAGE_VERSION='0.0.1'
PATH_SEPARATOR=':'
RANLIB='ranlib'
SET_MAKE=''
SHELL='/bin/sh'
STRIP=''
VERSION='0.0.1'
ac_ct_CC='gcc'
am__EXEEXT_FALSE=''
am__EXEEXT_TRUE='#'
am__fastdepCC_FALSE='#'
am__fastdepCC_TRUE=''
am__include='include'
am__isrc=''
am__leading_dot='.'
am__quote=''
am__tar='${AMTAR} chof - "$$tardir"'
am__untar='${AMTAR} xf -'
bindir='${exec_prefix}/bin'
build_alias=''
datadir='${datarootdir}'
datarootdir='${prefix}/share'
docdir='${datarootdir}/doc/${PACKAGE_TARNAME}'
dvidir='${docdir}'
exec_prefix='${prefix}'
host_alias=''
htmldir='${docdir}'
includedir='${prefix}/include'
infodir='${datarootdir}/info'
install_sh='${SHELL} /home/zhangsy/developing/libbus/install-sh'
libdir='${exec_prefix}/lib'
libexecdir='${exec_prefix}/libexec'
localedir='${datarootdir}/locale'
localstatedir='${prefix}/var'
mandir='${datarootdir}/man'
mkdir_p='/bin/mkdir -p'
oldincludedir='/usr/include'
pdfdir='${docdir}'
prefix='/home/zhangsy/usr/x86/debug/tinybus'
program_transform_name='s,x,x,'
psdir='${docdir}'
sbindir='${exec_prefix}/sbin'
sharedstatedir='${prefix}/com'
sysconfdir='${prefix}/etc'
target_alias=''

## ----------- ##
## confdefs.h. ##
## ----------- ##

/* confdefs.h */
#define PACKAGE_NAME "libbus"
#define PACKAGE_TARNAME "libbus"
#define PACKAGE_VERSION "0.0.1"
#define PACKAGE_STRING "libbus 0.0.1"
#define PACKAGE_BUGREPORT "shiyong.zhang.cn@gmail.com"
#define PACKAGE_URL ""
#define PACKAGE "libbus"
#define VERSION "0.0.1"
#define HAVE_LIBPTHREAD 1
#define STDC_HEADERS 1
#define HAVE_SYS_TYPES_H 1
#define HAVE_SYS_STAT_H 1
#define HAVE_STDLIB_H 1
#define HAVE_STRING_H 1
#define HAVE_MEMORY_H 1
#define HAVE_STRINGS_H 1
#define HAVE_INTTYPES_H 1
#define HAVE_STDINT_H 1
#define HAVE_UNISTD_H 1
#define HAVE_STDINT_H 1
#define HAVE_STDLIB_H 1
#define HAVE_STRING_H 1
#define HAVE_SYS_SOCKET_H 1
#define HAVE_STDLIB_H 1
#define HAVE_MALLOC 1
#define HAVE_MEMSET 1
#define HAVE_SOCKET 1

configure: exit 0
